[2013-04-15 14:58:15] request.ERROR: Uncaught PHP Exception Symfony\Component\HttpKernel\Exception\NotFoundHttpException: "No route found for "GET /"" at /home/fabian/localhost/water/vendor/symfony/symfony/src/Symfony/Component/HttpKernel/EventListener/RouterListener.php line 94 [] []
[2013-04-15 14:58:30] request.ERROR: Uncaught PHP Exception Symfony\Component\HttpKernel\Exception\NotFoundHttpException: "No route found for "GET /bundles/framework/images/input_bg.gif"" at /home/fabian/localhost/water/vendor/symfony/symfony/src/Symfony/Component/HttpKernel/EventListener/RouterListener.php line 94 [] []
[2013-04-15 16:41:56] request.ERROR: Uncaught PHP Exception Symfony\Component\HttpKernel\Exception\NotFoundHttpException: "No route found for "GET /"" at /home/fabian/localhost/payment/vendor/symfony/symfony/src/Symfony/Component/HttpKernel/EventListener/RouterListener.php line 94 [] []
[2013-04-15 16:56:13] request.ERROR: Uncaught PHP Exception Symfony\Component\HttpKernel\Exception\NotFoundHttpException: "No route found for "GET /libraries/css/jquery-ui-1.8.21.custom.css"" at /home/fabian/localhost/payment/vendor/symfony/symfony/src/Symfony/Component/HttpKernel/EventListener/RouterListener.php line 94 [] []
[2013-04-15 16:56:13] request.ERROR: Uncaught PHP Exception Symfony\Component\HttpKernel\Exception\NotFoundHttpException: "No route found for "GET /libraries/js/jquery.form.js"" at /home/fabian/localhost/payment/vendor/symfony/symfony/src/Symfony/Component/HttpKernel/EventListener/RouterListener.php line 94 [] []
[2013-04-15 16:56:13] request.ERROR: Uncaught PHP Exception Symfony\Component\HttpKernel\Exception\NotFoundHttpException: "No route found for "GET /libraries/js/jquery-latest.js"" at /home/fabian/localhost/payment/vendor/symfony/symfony/src/Symfony/Component/HttpKernel/EventListener/RouterListener.php line 94 [] []
[2013-04-15 16:56:13] request.ERROR: Uncaught PHP Exception Symfony\Component\HttpKernel\Exception\NotFoundHttpException: "No route found for "GET /libraries/js/jquery.validate.js"" at /home/fabian/localhost/payment/vendor/symfony/symfony/src/Symfony/Component/HttpKernel/EventListener/RouterListener.php line 94 [] []
[2013-04-15 16:56:13] request.ERROR: Uncaught PHP Exception Symfony\Component\HttpKernel\Exception\NotFoundHttpException: "No route found for "GET /libraries/js/jquery-1.7.2.min.js"" at /home/fabian/localhost/payment/vendor/symfony/symfony/src/Symfony/Component/HttpKernel/EventListener/RouterListener.php line 94 [] []
[2013-04-15 16:56:13] request.ERROR: Uncaught PHP Exception Symfony\Component\HttpKernel\Exception\NotFoundHttpException: "No route found for "GET /css/modules.css"" at /home/fabian/localhost/payment/vendor/symfony/symfony/src/Symfony/Component/HttpKernel/EventListener/RouterListener.php line 94 [] []
[2013-04-15 16:56:14] request.ERROR: Uncaught PHP Exception Symfony\Component\HttpKernel\Exception\NotFoundHttpException: "No route found for "GET /libraries/js/jquery.validate.js"" at /home/fabian/localhost/payment/vendor/symfony/symfony/src/Symfony/Component/HttpKernel/EventListener/RouterListener.php line 94 [] []
[2013-04-15 16:56:14] request.ERROR: Uncaught PHP Exception Symfony\Component\HttpKernel\Exception\NotFoundHttpException: "No route found for "GET /libraries/js/jquery.form.js"" at /home/fabian/localhost/payment/app/cache/prod/classes.php line 3609 [] []
[2013-04-15 16:56:14] request.ERROR: Uncaught PHP Exception Symfony\Component\HttpKernel\Exception\NotFoundHttpException: "No route found for "GET /libraries/js/jquery-latest.js"" at /home/fabian/localhost/payment/app/cache/prod/classes.php line 3609 [] []
[2013-04-15 16:56:15] request.ERROR: Uncaught PHP Exception Symfony\Component\HttpKernel\Exception\NotFoundHttpException: "No route found for "GET /css/modules.css"" at /home/fabian/localhost/payment/app/cache/prod/classes.php line 3609 [] []
[2013-04-15 16:56:15] request.ERROR: Uncaught PHP Exception Symfony\Component\HttpKernel\Exception\NotFoundHttpException: "No route found for "GET /libraries/css/jquery-ui-1.8.21.custom.css"" at /home/fabian/localhost/payment/app/cache/prod/classes.php line 3609 [] []
[2013-04-15 21:39:42] request.ERROR: Uncaught PHP Exception Symfony\Component\HttpKernel\Exception\NotFoundHttpException: "No route found for "GET /"" at /home/fabian/localhost/payment/app/cache/prod/classes.php line 3609 [] []
[2013-04-15 21:39:57] request.ERROR: Uncaught PHP Exception Symfony\Component\HttpKernel\Exception\NotFoundHttpException: "No route found for "GET /libraries/js/jquery-1.7.2.min.js"" at /home/fabian/localhost/payment/app/cache/prod/classes.php line 3609 [] []
[2013-04-15 21:39:57] request.ERROR: Uncaught PHP Exception Symfony\Component\HttpKernel\Exception\NotFoundHttpException: "No route found for "GET /libraries/js/jquery-latest.js"" at /home/fabian/localhost/payment/app/cache/prod/classes.php line 3609 [] []
[2013-04-15 21:39:57] request.ERROR: Uncaught PHP Exception Symfony\Component\HttpKernel\Exception\NotFoundHttpException: "No route found for "GET /libraries/js/jquery.validate.js"" at /home/fabian/localhost/payment/app/cache/prod/classes.php line 3609 [] []
[2013-04-15 21:39:57] request.ERROR: Uncaught PHP Exception Symfony\Component\HttpKernel\Exception\NotFoundHttpException: "No route found for "GET /libraries/js/jquery.form.js"" at /home/fabian/localhost/payment/app/cache/prod/classes.php line 3609 [] []
[2013-04-15 21:39:57] request.ERROR: Uncaught PHP Exception Symfony\Component\HttpKernel\Exception\NotFoundHttpException: "No route found for "GET /css/modules.css"" at /home/fabian/localhost/payment/app/cache/prod/classes.php line 3609 [] []
[2013-04-15 21:39:57] request.ERROR: Uncaught PHP Exception Symfony\Component\HttpKernel\Exception\NotFoundHttpException: "No route found for "GET /libraries/css/jquery-ui-1.8.21.custom.css"" at /home/fabian/localhost/payment/app/cache/prod/classes.php line 3609 [] []
[2013-04-15 21:39:57] request.ERROR: Uncaught PHP Exception Symfony\Component\HttpKernel\Exception\NotFoundHttpException: "No route found for "GET /libraries/js/jquery.form.js"" at /home/fabian/localhost/payment/app/cache/prod/classes.php line 3609 [] []
[2013-04-15 21:39:57] request.ERROR: Uncaught PHP Exception Symfony\Component\HttpKernel\Exception\NotFoundHttpException: "No route found for "GET /libraries/js/jquery-latest.js"" at /home/fabian/localhost/payment/app/cache/prod/classes.php line 3609 [] []
[2013-04-15 21:39:58] request.ERROR: Uncaught PHP Exception Symfony\Component\HttpKernel\Exception\NotFoundHttpException: "No route found for "GET /css/modules.css"" at /home/fabian/localhost/payment/app/cache/prod/classes.php line 3609 [] []
[2013-04-15 21:39:58] request.ERROR: Uncaught PHP Exception Symfony\Component\HttpKernel\Exception\NotFoundHttpException: "No route found for "GET /libraries/css/jquery-ui-1.8.21.custom.css"" at /home/fabian/localhost/payment/app/cache/prod/classes.php line 3609 [] []
[2013-04-15 21:52:50] request.ERROR: Uncaught PHP Exception Symfony\Component\HttpKernel\Exception\NotFoundHttpException: "No route found for "GET /bundles/infoqualityrequestsecurity/js/security.js"" at /home/fabian/localhost/payment/app/cache/prod/classes.php line 3609 [] []
[2013-04-15 21:52:50] request.ERROR: Uncaught PHP Exception Symfony\Component\HttpKernel\Exception\NotFoundHttpException: "No route found for "GET /bundles/infoqualityresumesecurity/css/security.css"" at /home/fabian/localhost/payment/app/cache/prod/classes.php line 3609 [] []
[2013-04-15 21:53:02] request.ERROR: Uncaught PHP Exception Symfony\Component\HttpKernel\Exception\NotFoundHttpException: "No route found for "GET /bundles/infoqualityrequestsecurity/js/security.js"" at /home/fabian/localhost/payment/app/cache/prod/classes.php line 3609 [] []
[2013-04-15 21:53:02] request.ERROR: Uncaught PHP Exception Symfony\Component\HttpKernel\Exception\NotFoundHttpException: "No route found for "GET /bundles/infoqualityresumesecurity/css/security.css"" at /home/fabian/localhost/payment/app/cache/prod/classes.php line 3609 [] []
[2013-04-15 22:14:32] request.ERROR: Uncaught PHP Exception Symfony\Component\HttpKernel\Exception\NotFoundHttpException: "No route found for "GET /bundles/infoqualityresumesecurity/css/security.css"" at /home/fabian/localhost/payment/app/cache/prod/classes.php line 3609 [] []
[2013-04-15 22:14:32] request.ERROR: Uncaught PHP Exception Symfony\Component\HttpKernel\Exception\NotFoundHttpException: "No route found for "GET /bundles/infoqualityresumesecurity/js/security.js"" at /home/fabian/localhost/payment/app/cache/prod/classes.php line 3609 [] []
[2013-04-15 22:46:38] request.ERROR: Uncaught PHP Exception Symfony\Component\HttpKernel\Exception\NotFoundHttpException: "No route found for "GET /paymentapplication/images/ic4.jpg"" at /home/fabian/localhost/payment/app/cache/prod/classes.php line 3609 [] []
[2013-04-15 22:47:08] request.ERROR: Uncaught PHP Exception Symfony\Component\HttpKernel\Exception\NotFoundHttpException: "No route found for "GET /paymentapplication/images/ic4.jpg"" at /home/fabian/localhost/payment/app/cache/prod/classes.php line 3609 [] []
[2013-04-15 22:47:51] request.ERROR: Uncaught PHP Exception Symfony\Component\HttpKernel\Exception\NotFoundHttpException: "No route found for "GET /paymentapplication/images/ic4.jpg"" at /home/fabian/localhost/payment/app/cache/prod/classes.php line 3609 [] []
[2013-04-15 22:48:06] request.ERROR: Uncaught PHP Exception Symfony\Component\HttpKernel\Exception\NotFoundHttpException: "No route found for "GET /paymentapplication/images/ic4.jpg"" at /home/fabian/localhost/payment/app/cache/prod/classes.php line 3609 [] []
[2013-04-15 23:16:37] request.ERROR: Uncaught PHP Exception Symfony\Component\HttpKernel\Exception\NotFoundHttpException: "No route found for "GET /paymentapplication/images/ic4.jpg"" at /home/fabian/localhost/payment/app/cache/prod/classes.php line 3609 [] []
[2013-04-15 23:18:02] request.ERROR: Uncaught PHP Exception Symfony\Component\HttpKernel\Exception\NotFoundHttpException: "No route found for "GET /paymentapplication/images/ic4.jpg"" at /home/fabian/localhost/payment/app/cache/prod/classes.php line 3609 [] []
[2013-04-15 23:18:04] request.ERROR: Uncaught PHP Exception Symfony\Component\HttpKernel\Exception\NotFoundHttpException: "No route found for "GET /paymentapplication/images/ic4.jpg"" at /home/fabian/localhost/payment/app/cache/prod/classes.php line 3609 [] []
[2013-04-15 23:18:56] request.ERROR: Uncaught PHP Exception Symfony\Component\HttpKernel\Exception\NotFoundHttpException: "No route found for "GET /paymentapplication/images/ic4.jpg"" at /home/fabian/localhost/payment/app/cache/prod/classes.php line 3609 [] []
[2013-04-15 23:20:19] request.ERROR: Uncaught PHP Exception Symfony\Component\HttpKernel\Exception\NotFoundHttpException: "No route found for "GET /paymentapplication/images/ic4.jpg"" at /home/fabian/localhost/payment/app/cache/prod/classes.php line 3609 [] []
[2013-04-15 23:21:49] request.ERROR: Uncaught PHP Exception Symfony\Component\HttpKernel\Exception\NotFoundHttpException: "No route found for "GET /paymentapplication/images/ic4.jpg"" at /home/fabian/localhost/payment/app/cache/prod/classes.php line 3609 [] []
[2013-04-15 23:21:52] request.ERROR: Uncaught PHP Exception Symfony\Component\HttpKernel\Exception\NotFoundHttpException: "No route found for "GET /paymentapplication/images/ic4.jpg"" at /home/fabian/localhost/payment/app/cache/prod/classes.php line 3609 [] []
[2013-04-15 23:26:30] request.ERROR: Uncaught PHP Exception Symfony\Component\HttpKernel\Exception\NotFoundHttpException: "No route found for "GET /paymentapplication/images/ic4.jpg"" at /home/fabian/localhost/payment/app/cache/prod/classes.php line 3609 [] []
[2013-04-15 23:26:32] request.ERROR: Uncaught PHP Exception Symfony\Component\HttpKernel\Exception\NotFoundHttpException: "No route found for "GET /paymentapplication/images/ic4.jpg"" at /home/fabian/localhost/payment/app/cache/prod/classes.php line 3609 [] []
[2013-04-15 23:26:56] request.ERROR: Uncaught PHP Exception Symfony\Component\HttpKernel\Exception\NotFoundHttpException: "No route found for "GET /paymentapplication/images/ic4.jpg"" at /home/fabian/localhost/payment/app/cache/prod/classes.php line 3609 [] []
[2013-04-15 23:27:09] request.ERROR: Uncaught PHP Exception Symfony\Component\HttpKernel\Exception\NotFoundHttpException: "No route found for "GET /paymentapplication/images/ic4.jpg"" at /home/fabian/localhost/payment/app/cache/prod/classes.php line 3609 [] []
[2013-04-15 23:29:09] request.ERROR: Uncaught PHP Exception Symfony\Component\HttpKernel\Exception\NotFoundHttpException: "No route found for "GET /paymentapplication/images/ic4.jpg"" at /home/fabian/localhost/payment/app/cache/prod/classes.php line 3609 [] []
[2013-04-15 23:34:01] request.ERROR: Uncaught PHP Exception Symfony\Component\HttpKernel\Exception\NotFoundHttpException: "No route found for "GET /bundles/infoqualityresumesecurity/css/security.css"" at /home/fabian/localhost/payment/app/cache/prod/classes.php line 3609 [] []
[2013-04-15 23:34:01] request.ERROR: Uncaught PHP Exception Symfony\Component\HttpKernel\Exception\NotFoundHttpException: "No route found for "GET /bundles/infoqualityresumesecurity/js/administrator.js"" at /home/fabian/localhost/payment/app/cache/prod/classes.php line 3609 [] []
[2013-04-15 23:34:01] request.ERROR: Uncaught PHP Exception Symfony\Component\HttpKernel\Exception\NotFoundHttpException: "No route found for "GET /paymentapplication/images/ic4.jpg"" at /home/fabian/localhost/payment/app/cache/prod/classes.php line 3609 [] []
[2013-04-15 23:34:02] request.ERROR: Uncaught PHP Exception Symfony\Component\HttpKernel\Exception\NotFoundHttpException: "No route found for "GET /bundles/infoqualityresumesecurity/css/security.css"" at /home/fabian/localhost/payment/app/cache/prod/classes.php line 3609 [] []
[2013-04-15 23:34:02] request.ERROR: Uncaught PHP Exception Symfony\Component\HttpKernel\Exception\NotFoundHttpException: "No route found for "GET /paymentapplication/images/ic4.jpg"" at /home/fabian/localhost/payment/app/cache/prod/classes.php line 3609 [] []
[2013-04-15 23:34:47] request.ERROR: Uncaught PHP Exception Symfony\Component\HttpKernel\Exception\NotFoundHttpException: "No route found for "GET /paymentapplication/images/ic4.jpg"" at /home/fabian/localhost/payment/app/cache/prod/classes.php line 3609 [] []
[2013-04-15 23:36:13] request.ERROR: Uncaught PHP Exception Symfony\Component\HttpKernel\Exception\NotFoundHttpException: "No route found for "GET /paymentapplication/images/ic4.jpg"" at /home/fabian/localhost/payment/app/cache/prod/classes.php line 3609 [] []
[2013-04-15 23:37:35] request.ERROR: Uncaught PHP Exception Symfony\Component\HttpKernel\Exception\NotFoundHttpException: "No route found for "GET /paymentapplication/images/ic4.jpg"" at /home/fabian/localhost/payment/app/cache/prod/classes.php line 3609 [] []
[2013-04-15 23:38:02] request.ERROR: Uncaught PHP Exception Symfony\Component\HttpKernel\Exception\NotFoundHttpException: "No route found for "GET /paymentapplication/images/ic4.jpg"" at /home/fabian/localhost/payment/app/cache/prod/classes.php line 3609 [] []
[2013-04-15 23:38:11] request.ERROR: Uncaught PHP Exception Symfony\Component\HttpKernel\Exception\NotFoundHttpException: "No route found for "GET /paymentapplication/images/ic4.jpg"" at /home/fabian/localhost/payment/app/cache/prod/classes.php line 3609 [] []
[2013-04-15 23:38:16] request.ERROR: Uncaught PHP Exception Symfony\Component\HttpKernel\Exception\NotFoundHttpException: "No route found for "GET /paymentapplication/images/ic4.jpg"" at /home/fabian/localhost/payment/app/cache/prod/classes.php line 3609 [] []
[2013-04-15 23:38:56] request.ERROR: Uncaught PHP Exception Symfony\Component\HttpKernel\Exception\NotFoundHttpException: "No route found for "GET /paymentapplication/images/ic4.jpg"" at /home/fabian/localhost/payment/app/cache/prod/classes.php line 3609 [] []
[2013-04-15 23:39:40] request.ERROR: Uncaught PHP Exception Symfony\Component\HttpKernel\Exception\NotFoundHttpException: "No route found for "GET /paymentapplication/images/ic4.jpg"" at /home/fabian/localhost/payment/app/cache/prod/classes.php line 3609 [] []
[2013-04-15 23:41:29] request.ERROR: Uncaught PHP Exception Symfony\Component\HttpKernel\Exception\NotFoundHttpException: "No route found for "GET /paymentapplication/images/ic4.jpg"" at /home/fabian/localhost/payment/app/cache/prod/classes.php line 3609 [] []
[2013-04-15 23:41:41] request.ERROR: Uncaught PHP Exception Symfony\Component\HttpKernel\Exception\NotFoundHttpException: "No route found for "GET /paymentapplication/images/ic4.jpg"" at /home/fabian/localhost/payment/app/cache/prod/classes.php line 3609 [] []
[2013-04-15 23:41:42] request.ERROR: Uncaught PHP Exception Symfony\Component\HttpKernel\Exception\NotFoundHttpException: "No route found for "GET /paymentapplication/images/ic4.jpg"" at /home/fabian/localhost/payment/app/cache/prod/classes.php line 3609 [] []
[2013-04-15 23:41:58] request.ERROR: Uncaught PHP Exception Symfony\Component\HttpKernel\Exception\NotFoundHttpException: "No route found for "GET /paymentapplication/images/ic4.jpg"" at /home/fabian/localhost/payment/app/cache/prod/classes.php line 3609 [] []
[2013-04-15 23:42:03] request.ERROR: Uncaught PHP Exception Symfony\Component\HttpKernel\Exception\NotFoundHttpException: "No route found for "GET /paymentapplication/images/ic4.jpg"" at /home/fabian/localhost/payment/app/cache/prod/classes.php line 3609 [] []
[2013-04-15 23:42:08] request.ERROR: Uncaught PHP Exception Symfony\Component\HttpKernel\Exception\NotFoundHttpException: "No route found for "GET /paymentapplication/images/ic4.jpg"" at /home/fabian/localhost/payment/app/cache/prod/classes.php line 3609 [] []
[2013-04-15 23:42:58] request.ERROR: Uncaught PHP Exception Symfony\Component\HttpKernel\Exception\NotFoundHttpException: "No route found for "GET /paymentapplication/images/ic4.jpg"" at /home/fabian/localhost/payment/app/cache/prod/classes.php line 3609 [] []
[2013-04-15 23:43:01] request.ERROR: Uncaught PHP Exception Symfony\Component\HttpKernel\Exception\NotFoundHttpException: "No route found for "GET /paymentapplication/images/ic4.jpg"" at /home/fabian/localhost/payment/app/cache/prod/classes.php line 3609 [] []
[2013-04-15 23:43:02] request.ERROR: Uncaught PHP Exception Symfony\Component\HttpKernel\Exception\NotFoundHttpException: "No route found for "GET /paymentapplication/images/ic4.jpg"" at /home/fabian/localhost/payment/app/cache/prod/classes.php line 3609 [] []
[2013-04-15 23:44:04] request.ERROR: Uncaught PHP Exception Symfony\Component\HttpKernel\Exception\NotFoundHttpException: "No route found for "GET /paymentapplication/images/ic4.jpg"" at /home/fabian/localhost/payment/app/cache/prod/classes.php line 3609 [] []
[2013-04-15 23:44:31] request.ERROR: Uncaught PHP Exception Symfony\Component\HttpKernel\Exception\NotFoundHttpException: "No route found for "GET /paymentapplication/images/ic4.jpg"" at /home/fabian/localhost/payment/app/cache/prod/classes.php line 3609 [] []
[2013-04-15 23:47:46] request.ERROR: Uncaught PHP Exception Symfony\Component\HttpKernel\Exception\NotFoundHttpException: "No route found for "GET /paymentapplication/images/ic4.jpg"" at /home/fabian/localhost/payment/app/cache/prod/classes.php line 3609 [] []
[2013-04-15 23:48:06] request.ERROR: Uncaught PHP Exception Symfony\Component\HttpKernel\Exception\NotFoundHttpException: "No route found for "GET /paymentapplication/images/ic4.jpg"" at /home/fabian/localhost/payment/app/cache/prod/classes.php line 3609 [] []
[2013-04-15 23:49:58] request.ERROR: Uncaught PHP Exception Symfony\Component\HttpKernel\Exception\NotFoundHttpException: "No route found for "GET /paymentapplication/images/ic4.jpg"" at /home/fabian/localhost/payment/app/cache/prod/classes.php line 3609 [] []
[2013-04-15 23:50:04] request.ERROR: Uncaught PHP Exception Symfony\Component\HttpKernel\Exception\NotFoundHttpException: "No route found for "GET /paymentapplication/images/ic4.jpg"" at /home/fabian/localhost/payment/app/cache/prod/classes.php line 3609 [] []
[2013-04-15 23:50:08] request.ERROR: Uncaught PHP Exception Symfony\Component\HttpKernel\Exception\NotFoundHttpException: "No route found for "GET /paymentapplication/images/ic4.jpg"" at /home/fabian/localhost/payment/app/cache/prod/classes.php line 3609 [] []
[2013-04-15 23:51:18] request.ERROR: Uncaught PHP Exception Symfony\Component\HttpKernel\Exception\NotFoundHttpException: "No route found for "GET /paymentapplication/images/ic4.jpg"" at /home/fabian/localhost/payment/app/cache/prod/classes.php line 3609 [] []
[2013-04-15 23:51:21] request.ERROR: Uncaught PHP Exception Symfony\Component\HttpKernel\Exception\NotFoundHttpException: "No route found for "GET /paymentapplication/images/ic4.jpg"" at /home/fabian/localhost/payment/app/cache/prod/classes.php line 3609 [] []
[2013-04-15 23:51:25] request.ERROR: Uncaught PHP Exception Symfony\Component\HttpKernel\Exception\NotFoundHttpException: "No route found for "GET /paymentapplication/images/ic4.jpg"" at /home/fabian/localhost/payment/app/cache/prod/classes.php line 3609 [] []
[2013-04-15 23:51:32] request.ERROR: Uncaught PHP Exception Symfony\Component\HttpKernel\Exception\NotFoundHttpException: "No route found for "GET /paymentapplication/images/ic4.jpg"" at /home/fabian/localhost/payment/app/cache/prod/classes.php line 3609 [] []
[2013-04-15 23:52:39] request.ERROR: Uncaught PHP Exception Symfony\Component\HttpKernel\Exception\NotFoundHttpException: "No route found for "GET /paymentapplication/images/ic4.jpg"" at /home/fabian/localhost/payment/app/cache/prod/classes.php line 3609 [] []
[2013-04-15 23:52:55] request.ERROR: Uncaught PHP Exception Symfony\Component\HttpKernel\Exception\NotFoundHttpException: "No route found for "GET /paymentapplication/images/ic4.jpg"" at /home/fabian/localhost/payment/app/cache/prod/classes.php line 3609 [] []
[2013-04-15 23:54:22] request.ERROR: Uncaught PHP Exception Symfony\Component\HttpKernel\Exception\NotFoundHttpException: "No route found for "GET /paymentapplication/images/ic4.jpg"" at /home/fabian/localhost/payment/app/cache/prod/classes.php line 3609 [] []
[2013-04-15 23:54:27] request.ERROR: Uncaught PHP Exception Symfony\Component\HttpKernel\Exception\NotFoundHttpException: "No route found for "GET /paymentapplication/images/ic4.jpg"" at /home/fabian/localhost/payment/app/cache/prod/classes.php line 3609 [] []
[2013-04-15 23:54:34] request.ERROR: Uncaught PHP Exception Symfony\Component\HttpKernel\Exception\NotFoundHttpException: "No route found for "GET /paymentapplication/images/ic4.jpg"" at /home/fabian/localhost/payment/app/cache/prod/classes.php line 3609 [] []
[2013-04-15 23:54:38] request.ERROR: Uncaught PHP Exception Symfony\Component\HttpKernel\Exception\NotFoundHttpException: "No route found for "GET /paymentapplication/images/ic4.jpg"" at /home/fabian/localhost/payment/app/cache/prod/classes.php line 3609 [] []
[2013-04-15 23:54:45] request.ERROR: Uncaught PHP Exception Symfony\Component\HttpKernel\Exception\NotFoundHttpException: "No route found for "GET /paymentapplication/images/ic4.jpg"" at /home/fabian/localhost/payment/app/cache/prod/classes.php line 3609 [] []
[2013-04-15 23:55:11] request.ERROR: Uncaught PHP Exception Symfony\Component\HttpKernel\Exception\NotFoundHttpException: "No route found for "GET /paymentapplication/images/ic4.jpg"" at /home/fabian/localhost/payment/app/cache/prod/classes.php line 3609 [] []
[2013-04-15 23:55:25] request.ERROR: Uncaught PHP Exception Symfony\Component\HttpKernel\Exception\NotFoundHttpException: "No route found for "GET /paymentapplication/images/ic4.jpg"" at /home/fabian/localhost/payment/app/cache/prod/classes.php line 3609 [] []
[2013-04-15 23:59:14] request.ERROR: Uncaught PHP Exception Symfony\Component\HttpKernel\Exception\NotFoundHttpException: "No route found for "GET /paymentapplication/images/ic4.jpg"" at /home/fabian/localhost/payment/app/cache/prod/classes.php line 3609 [] []
[2013-04-15 23:59:25] request.ERROR: Uncaught PHP Exception Symfony\Component\HttpKernel\Exception\NotFoundHttpException: "No route found for "GET /paymentapplication/images/ic4.jpg"" at /home/fabian/localhost/payment/app/cache/prod/classes.php line 3609 [] []
[2013-04-16 00:01:49] request.ERROR: Uncaught PHP Exception Symfony\Component\HttpKernel\Exception\NotFoundHttpException: "No route found for "GET /paymentapplication/images/ic4.jpg"" at /home/fabian/localhost/payment/app/cache/prod/classes.php line 3609 [] []
[2013-04-16 00:01:53] request.ERROR: Uncaught PHP Exception Symfony\Component\HttpKernel\Exception\NotFoundHttpException: "No route found for "GET /paymentapplication/images/ic4.jpg"" at /home/fabian/localhost/payment/app/cache/prod/classes.php line 3609 [] []
[2013-04-16 00:06:12] request.ERROR: Uncaught PHP Exception Symfony\Component\HttpKernel\Exception\NotFoundHttpException: "No route found for "GET /paymentapplication/images/ic4.jpg"" at /home/fabian/localhost/payment/app/cache/prod/classes.php line 3609 [] []
[2013-04-16 00:07:53] request.ERROR: Uncaught PHP Exception Symfony\Component\HttpKernel\Exception\NotFoundHttpException: "No route found for "GET /paymentapplication/images/ic4.jpg"" at /home/fabian/localhost/payment/app/cache/prod/classes.php line 3609 [] []
[2013-04-16 00:07:57] request.ERROR: Uncaught PHP Exception Symfony\Component\HttpKernel\Exception\NotFoundHttpException: "No route found for "GET /paymentapplication/images/ic4.jpg"" at /home/fabian/localhost/payment/app/cache/prod/classes.php line 3609 [] []
[2013-04-16 00:07:59] request.ERROR: Uncaught PHP Exception Symfony\Component\HttpKernel\Exception\NotFoundHttpException: "No route found for "GET /paymentapplication/images/ic4.jpg"" at /home/fabian/localhost/payment/app/cache/prod/classes.php line 3609 [] []
[2013-04-16 00:08:34] request.ERROR: Uncaught PHP Exception Symfony\Component\HttpKernel\Exception\NotFoundHttpException: "No route found for "GET /paymentapplication/images/ic4.jpg"" at /home/fabian/localhost/payment/app/cache/prod/classes.php line 3609 [] []
[2013-04-16 00:11:46] request.ERROR: Uncaught PHP Exception Symfony\Component\HttpKernel\Exception\NotFoundHttpException: "No route found for "GET /paymentapplication/images/ic4.jpg"" at /home/fabian/localhost/payment/vendor/symfony/symfony/src/Symfony/Component/HttpKernel/EventListener/RouterListener.php line 94 [] []
[2013-04-16 00:12:14] request.ERROR: Uncaught PHP Exception Symfony\Component\HttpKernel\Exception\NotFoundHttpException: "No route found for "GET /paymentapplication/images/ic4.jpg"" at /home/fabian/localhost/payment/vendor/symfony/symfony/src/Symfony/Component/HttpKernel/EventListener/RouterListener.php line 94 [] []
[2013-04-16 00:12:19] request.ERROR: Uncaught PHP Exception Symfony\Component\HttpKernel\Exception\NotFoundHttpException: "No route found for "GET /paymentapplication/images/ic4.jpg"" at /home/fabian/localhost/payment/app/cache/prod/classes.php line 3609 [] []
[2013-04-16 00:12:23] request.ERROR: Uncaught PHP Exception Symfony\Component\HttpKernel\Exception\NotFoundHttpException: "No route found for "GET /paymentapplication/images/ic4.jpg"" at /home/fabian/localhost/payment/app/cache/prod/classes.php line 3609 [] []
[2013-04-16 00:12:42] request.ERROR: Uncaught PHP Exception Symfony\Component\HttpKernel\Exception\NotFoundHttpException: "No route found for "GET /paymentapplication/images/ic4.jpg"" at /home/fabian/localhost/payment/app/cache/prod/classes.php line 3609 [] []
[2013-04-16 00:12:46] request.ERROR: Uncaught PHP Exception Symfony\Component\HttpKernel\Exception\NotFoundHttpException: "No route found for "GET /paymentapplication/images/ic4.jpg"" at /home/fabian/localhost/payment/app/cache/prod/classes.php line 3609 [] []
[2013-04-16 00:13:44] request.ERROR: Uncaught PHP Exception Symfony\Component\HttpKernel\Exception\NotFoundHttpException: "No route found for "GET /paymentapplication/images/ic4.jpg"" at /home/fabian/localhost/payment/app/cache/prod/classes.php line 3609 [] []
[2013-04-16 00:13:56] request.ERROR: Uncaught PHP Exception Symfony\Component\HttpKernel\Exception\NotFoundHttpException: "No route found for "GET /paymentapplication/images/ic4.jpg"" at /home/fabian/localhost/payment/app/cache/prod/classes.php line 3609 [] []
[2013-04-16 00:16:49] request.ERROR: Uncaught PHP Exception Symfony\Component\HttpKernel\Exception\NotFoundHttpException: "No route found for "GET /paymentapplication/images/ic4.jpg"" at /home/fabian/localhost/payment/app/cache/prod/classes.php line 3609 [] []
[2013-04-16 00:16:54] request.ERROR: Uncaught PHP Exception Symfony\Component\HttpKernel\Exception\NotFoundHttpException: "No route found for "GET /paymentapplication/images/ic4.jpg"" at /home/fabian/localhost/payment/app/cache/prod/classes.php line 3609 [] []
[2013-04-16 00:17:04] request.ERROR: Uncaught PHP Exception Symfony\Component\HttpKernel\Exception\NotFoundHttpException: "No route found for "GET /paymentapplication/images/ic4.jpg"" at /home/fabian/localhost/payment/app/cache/prod/classes.php line 3609 [] []
[2013-04-16 00:17:20] request.ERROR: Uncaught PHP Exception Symfony\Component\HttpKernel\Exception\NotFoundHttpException: "No route found for "GET /paymentapplication/images/ic4.jpg"" at /home/fabian/localhost/payment/app/cache/prod/classes.php line 3609 [] []
[2013-04-16 00:17:21] request.ERROR: Uncaught PHP Exception Symfony\Component\HttpKernel\Exception\NotFoundHttpException: "No route found for "GET /paymentapplication/images/ic4.jpg"" at /home/fabian/localhost/payment/app/cache/prod/classes.php line 3609 [] []
[2013-04-16 00:17:30] request.ERROR: Uncaught PHP Exception Symfony\Component\HttpKernel\Exception\NotFoundHttpException: "No route found for "GET /paymentapplication/images/ic4.jpg"" at /home/fabian/localhost/payment/app/cache/prod/classes.php line 3609 [] []
[2013-04-16 00:18:10] request.ERROR: Uncaught PHP Exception Symfony\Component\HttpKernel\Exception\NotFoundHttpException: "No route found for "GET /paymentapplication/images/ic4.jpg"" at /home/fabian/localhost/payment/app/cache/prod/classes.php line 3609 [] []
[2013-04-16 00:22:49] request.ERROR: Uncaught PHP Exception Symfony\Component\HttpKernel\Exception\NotFoundHttpException: "No route found for "GET /paymentapplication/images/ic4.jpg"" at /home/fabian/localhost/payment/app/cache/prod/classes.php line 3609 [] []
[2013-04-16 00:25:27] request.ERROR: Uncaught PHP Exception Symfony\Component\HttpKernel\Exception\NotFoundHttpException: "No route found for "GET /paymentapplication/images/ic4.jpg"" at /home/fabian/localhost/payment/app/cache/prod/classes.php line 3609 [] []
[2013-04-16 00:26:06] request.ERROR: Uncaught PHP Exception Symfony\Component\HttpKernel\Exception\NotFoundHttpException: "No route found for "GET /paymentapplication/images/ic4.jpg"" at /home/fabian/localhost/payment/app/cache/prod/classes.php line 3609 [] []
[2013-04-16 00:26:39] request.ERROR: Uncaught PHP Exception Symfony\Component\HttpKernel\Exception\NotFoundHttpException: "No route found for "GET /paymentapplication/images/ic4.jpg"" at /home/fabian/localhost/payment/app/cache/prod/classes.php line 3609 [] []
[2013-04-16 00:30:27] request.ERROR: Uncaught PHP Exception Symfony\Component\HttpKernel\Exception\NotFoundHttpException: "No route found for "GET /paymentapplication/images/ic4.jpg"" at /home/fabian/localhost/payment/app/cache/prod/classes.php line 3609 [] []
[2013-04-16 00:30:45] request.ERROR: Uncaught PHP Exception Symfony\Component\HttpKernel\Exception\NotFoundHttpException: "No route found for "GET /paymentapplication/images/ic4.jpg"" at /home/fabian/localhost/payment/app/cache/prod/classes.php line 3609 [] []
[2013-04-16 00:31:07] request.ERROR: Uncaught PHP Exception Symfony\Component\HttpKernel\Exception\NotFoundHttpException: "No route found for "GET /paymentapplication/images/ic4.jpg"" at /home/fabian/localhost/payment/app/cache/prod/classes.php line 3609 [] []
[2013-04-16 00:31:13] request.ERROR: Uncaught PHP Exception Symfony\Component\HttpKernel\Exception\NotFoundHttpException: "No route found for "GET /paymentapplication/images/ic4.jpg"" at /home/fabian/localhost/payment/app/cache/prod/classes.php line 3609 [] []
[2013-04-16 00:31:40] request.ERROR: Uncaught PHP Exception Symfony\Component\HttpKernel\Exception\NotFoundHttpException: "No route found for "GET /paymentapplication/images/ic4.jpg"" at /home/fabian/localhost/payment/app/cache/prod/classes.php line 3609 [] []
[2013-04-16 00:33:58] request.ERROR: Uncaught PHP Exception Symfony\Component\HttpKernel\Exception\NotFoundHttpException: "No route found for "GET /paymentapplication/images/ic4.jpg"" at /home/fabian/localhost/payment/app/cache/prod/classes.php line 3609 [] []
[2013-04-16 00:36:45] request.ERROR: Uncaught PHP Exception Symfony\Component\HttpKernel\Exception\NotFoundHttpException: "No route found for "GET /paymentapplication/images/ic4.jpg"" at /home/fabian/localhost/payment/app/cache/prod/classes.php line 3609 [] []
[2013-04-16 00:36:54] request.ERROR: Uncaught PHP Exception Symfony\Component\HttpKernel\Exception\NotFoundHttpException: "No route found for "GET /paymentapplication/images/ic4.jpg"" at /home/fabian/localhost/payment/app/cache/prod/classes.php line 3609 [] []
[2013-04-16 00:42:33] request.ERROR: Uncaught PHP Exception Symfony\Component\HttpKernel\Exception\NotFoundHttpException: "No route found for "GET /paymentapplication/images/ic4.jpg"" at /home/fabian/localhost/payment/app/cache/prod/classes.php line 3609 [] []
[2013-04-16 00:43:16] request.ERROR: Uncaught PHP Exception Symfony\Component\HttpKernel\Exception\NotFoundHttpException: "No route found for "GET /paymentapplication/images/ic4.jpg"" at /home/fabian/localhost/payment/app/cache/prod/classes.php line 3609 [] []
[2013-04-16 08:07:05] request.ERROR: Uncaught PHP Exception Symfony\Component\HttpKernel\Exception\NotFoundHttpException: "No route found for "GET /paymentapplication/images/ic4.jpg"" at /home/fabian/localhost/payment/app/cache/prod/classes.php line 3609 [] []
[2013-04-16 08:07:10] request.ERROR: Uncaught PHP Exception Symfony\Component\HttpKernel\Exception\NotFoundHttpException: "No route found for "GET /paymentapplication/images/ic4.jpg"" at /home/fabian/localhost/payment/app/cache/prod/classes.php line 3609 [] []
[2013-04-16 08:07:13] request.ERROR: Uncaught PHP Exception Symfony\Component\HttpKernel\Exception\NotFoundHttpException: "No route found for "GET /paymentapplication/images/ic4.jpg"" at /home/fabian/localhost/payment/app/cache/prod/classes.php line 3609 [] []
[2013-04-16 08:07:39] request.ERROR: Uncaught PHP Exception Symfony\Component\HttpKernel\Exception\NotFoundHttpException: "No route found for "GET /paymentapplication/images/ic4.jpg"" at /home/fabian/localhost/payment/app/cache/prod/classes.php line 3609 [] []
[2013-04-16 08:09:55] request.ERROR: Uncaught PHP Exception Symfony\Component\HttpKernel\Exception\NotFoundHttpException: "No route found for "GET /paymentapplication/images/ic4.jpg"" at /home/fabian/localhost/payment/app/cache/prod/classes.php line 3609 [] []
[2013-04-16 08:10:32] request.ERROR: Uncaught PHP Exception Symfony\Component\HttpKernel\Exception\NotFoundHttpException: "No route found for "GET /paymentapplication/images/ic4.jpg"" at /home/fabian/localhost/payment/app/cache/prod/classes.php line 3609 [] []
[2013-04-16 08:12:38] request.ERROR: Uncaught PHP Exception Symfony\Component\HttpKernel\Exception\NotFoundHttpException: "No route found for "GET /paymentapplication/images/ic4.jpg"" at /home/fabian/localhost/payment/app/cache/prod/classes.php line 3609 [] []
[2013-04-16 08:12:46] request.ERROR: Uncaught PHP Exception Symfony\Component\HttpKernel\Exception\NotFoundHttpException: "No route found for "GET /paymentapplication/images/ic4.jpg"" at /home/fabian/localhost/payment/app/cache/prod/classes.php line 3609 [] []
[2013-04-16 08:13:52] request.ERROR: Uncaught PHP Exception Symfony\Component\HttpKernel\Exception\NotFoundHttpException: "No route found for "GET /paymentapplication/images/ic4.jpg"" at /home/fabian/localhost/payment/app/cache/prod/classes.php line 3609 [] []
[2013-04-16 08:13:57] request.ERROR: Uncaught PHP Exception Symfony\Component\HttpKernel\Exception\NotFoundHttpException: "No route found for "GET /paymentapplication/images/ic4.jpg"" at /home/fabian/localhost/payment/app/cache/prod/classes.php line 3609 [] []
[2013-04-16 08:14:03] request.ERROR: Uncaught PHP Exception Symfony\Component\HttpKernel\Exception\NotFoundHttpException: "No route found for "GET /paymentapplication/images/ic4.jpg"" at /home/fabian/localhost/payment/app/cache/prod/classes.php line 3609 [] []
[2013-04-16 08:14:17] request.ERROR: Uncaught PHP Exception Symfony\Component\HttpKernel\Exception\NotFoundHttpException: "No route found for "GET /paymentapplication/images/ic4.jpg"" at /home/fabian/localhost/payment/app/cache/prod/classes.php line 3609 [] []
[2013-04-16 08:14:32] request.ERROR: Uncaught PHP Exception Symfony\Component\HttpKernel\Exception\NotFoundHttpException: "No route found for "GET /paymentapplication/images/ic4.jpg"" at /home/fabian/localhost/payment/app/cache/prod/classes.php line 3609 [] []
[2013-04-16 08:17:16] request.ERROR: Uncaught PHP Exception Symfony\Component\HttpKernel\Exception\NotFoundHttpException: "No route found for "GET /paymentapplication/images/ic4.jpg"" at /home/fabian/localhost/payment/app/cache/prod/classes.php line 3609 [] []
[2013-04-16 08:17:20] request.ERROR: Uncaught PHP Exception Symfony\Component\HttpKernel\Exception\NotFoundHttpException: "No route found for "GET /paymentapplication/images/ic4.jpg"" at /home/fabian/localhost/payment/app/cache/prod/classes.php line 3609 [] []
[2013-04-16 08:18:17] request.ERROR: Uncaught PHP Exception Symfony\Component\HttpKernel\Exception\NotFoundHttpException: "No route found for "GET /paymentapplication/images/ic4.jpg"" at /home/fabian/localhost/payment/app/cache/prod/classes.php line 3609 [] []
[2013-04-16 08:18:38] request.ERROR: Uncaught PHP Exception Symfony\Component\HttpKernel\Exception\NotFoundHttpException: "No route found for "GET /paymentapplication/images/ic4.jpg"" at /home/fabian/localhost/payment/app/cache/prod/classes.php line 3609 [] []
[2013-04-16 08:18:38] request.ERROR: Uncaught PHP Exception Symfony\Component\HttpKernel\Exception\NotFoundHttpException: "No route found for "GET /paymentapplication/images/ic4.jpg"" at /home/fabian/localhost/payment/app/cache/prod/classes.php line 3609 [] []
[2013-04-16 08:18:51] request.ERROR: Uncaught PHP Exception Symfony\Component\HttpKernel\Exception\NotFoundHttpException: "No route found for "GET /paymentapplication/images/ic4.jpg"" at /home/fabian/localhost/payment/app/cache/prod/classes.php line 3609 [] []
[2013-04-16 08:18:51] request.ERROR: Uncaught PHP Exception Symfony\Component\HttpKernel\Exception\NotFoundHttpException: "No route found for "GET /paymentapplication/images/ic4.jpg"" at /home/fabian/localhost/payment/app/cache/prod/classes.php line 3609 [] []
[2013-04-16 08:18:57] request.ERROR: Uncaught PHP Exception Symfony\Component\HttpKernel\Exception\NotFoundHttpException: "No route found for "GET /paymentapplication/images/ic4.jpg"" at /home/fabian/localhost/payment/app/cache/prod/classes.php line 3609 [] []
[2013-04-16 08:18:57] request.ERROR: Uncaught PHP Exception Symfony\Component\HttpKernel\Exception\NotFoundHttpException: "No route found for "GET /paymentapplication/images/ic4.jpg"" at /home/fabian/localhost/payment/app/cache/prod/classes.php line 3609 [] []
[2013-04-16 08:19:07] request.ERROR: Uncaught PHP Exception Symfony\Component\HttpKernel\Exception\NotFoundHttpException: "No route found for "GET /paymentapplication/images/ic4.jpg"" at /home/fabian/localhost/payment/app/cache/prod/classes.php line 3609 [] []
[2013-04-16 08:19:07] request.ERROR: Uncaught PHP Exception Symfony\Component\HttpKernel\Exception\NotFoundHttpException: "No route found for "GET /paymentapplication/images/ic4.jpg"" at /home/fabian/localhost/payment/app/cache/prod/classes.php line 3609 [] []
[2013-04-16 08:39:15] request.ERROR: Uncaught PHP Exception Symfony\Component\HttpKernel\Exception\NotFoundHttpException: "No route found for "GET /paymentapplication/images/ic4.jpg"" at /home/fabian/localhost/payment/app/cache/prod/classes.php line 3609 [] []
[2013-04-16 08:41:27] request.ERROR: Uncaught PHP Exception Symfony\Component\HttpKernel\Exception\NotFoundHttpException: "No route found for "GET /paymentapplication/images/ic4.jpg"" at /home/fabian/localhost/payment/app/cache/prod/classes.php line 3609 [] []
[2013-04-16 08:41:43] request.ERROR: Uncaught PHP Exception Symfony\Component\HttpKernel\Exception\NotFoundHttpException: "No route found for "GET /paymentapplication/images/ic4.jpg"" at /home/fabian/localhost/payment/app/cache/prod/classes.php line 3609 [] []
[2013-04-16 08:41:52] request.ERROR: Uncaught PHP Exception Symfony\Component\HttpKernel\Exception\NotFoundHttpException: "No route found for "GET /paymentapplication/images/ic4.jpg"" at /home/fabian/localhost/payment/app/cache/prod/classes.php line 3609 [] []
[2013-04-16 08:42:30] request.ERROR: Uncaught PHP Exception Symfony\Component\HttpKernel\Exception\NotFoundHttpException: "No route found for "GET /paymentapplication/images/ic4.jpg"" at /home/fabian/localhost/payment/app/cache/prod/classes.php line 3609 [] []
[2013-04-16 08:42:33] request.ERROR: Uncaught PHP Exception Symfony\Component\HttpKernel\Exception\NotFoundHttpException: "No route found for "GET /paymentapplication/images/ic4.jpg"" at /home/fabian/localhost/payment/app/cache/prod/classes.php line 3609 [] []
[2013-04-16 08:42:42] request.ERROR: Uncaught PHP Exception Symfony\Component\HttpKernel\Exception\NotFoundHttpException: "No route found for "GET /paymentapplication/images/ic4.jpg"" at /home/fabian/localhost/payment/app/cache/prod/classes.php line 3609 [] []
[2013-04-16 08:42:44] request.ERROR: Uncaught PHP Exception Symfony\Component\HttpKernel\Exception\NotFoundHttpException: "No route found for "GET /paymentapplication/images/ic4.jpg"" at /home/fabian/localhost/payment/app/cache/prod/classes.php line 3609 [] []
[2013-04-16 08:45:38] request.ERROR: Uncaught PHP Exception Symfony\Component\HttpKernel\Exception\NotFoundHttpException: "No route found for "GET /paymentapplication/images/ic4.jpg"" at /home/fabian/localhost/payment/app/cache/prod/classes.php line 3609 [] []
[2013-04-16 08:45:40] request.ERROR: Uncaught PHP Exception Symfony\Component\HttpKernel\Exception\NotFoundHttpException: "No route found for "GET /paymentapplication/images/ic4.jpg"" at /home/fabian/localhost/payment/app/cache/prod/classes.php line 3609 [] []
[2013-04-16 08:45:43] request.ERROR: Uncaught PHP Exception Symfony\Component\HttpKernel\Exception\NotFoundHttpException: "No route found for "GET /paymentapplication/images/ic4.jpg"" at /home/fabian/localhost/payment/app/cache/prod/classes.php line 3609 [] []
[2013-04-16 08:45:43] request.ERROR: Uncaught PHP Exception Symfony\Component\HttpKernel\Exception\NotFoundHttpException: "No route found for "GET /paymentapplication/images/ic4.jpg"" at /home/fabian/localhost/payment/app/cache/prod/classes.php line 3609 [] []
[2013-04-16 08:45:52] request.ERROR: Uncaught PHP Exception Symfony\Component\HttpKernel\Exception\NotFoundHttpException: "No route found for "GET /paymentapplication/images/ic4.jpg"" at /home/fabian/localhost/payment/app/cache/prod/classes.php line 3609 [] []
[2013-04-16 08:45:56] request.ERROR: Uncaught PHP Exception Symfony\Component\HttpKernel\Exception\NotFoundHttpException: "No route found for "GET /paymentapplication/images/ic4.jpg"" at /home/fabian/localhost/payment/app/cache/prod/classes.php line 3609 [] []
[2013-04-16 08:46:11] request.ERROR: Uncaught PHP Exception Symfony\Component\HttpKernel\Exception\NotFoundHttpException: "No route found for "GET /paymentapplication/images/ic4.jpg"" at /home/fabian/localhost/payment/app/cache/prod/classes.php line 3609 [] []
[2013-04-16 08:46:14] request.ERROR: Uncaught PHP Exception Symfony\Component\HttpKernel\Exception\NotFoundHttpException: "No route found for "GET /paymentapplication/images/ic4.jpg"" at /home/fabian/localhost/payment/app/cache/prod/classes.php line 3609 [] []
[2013-04-16 08:46:46] request.ERROR: Uncaught PHP Exception Symfony\Component\HttpKernel\Exception\NotFoundHttpException: "No route found for "GET /paymentapplication/images/ic4.jpg"" at /home/fabian/localhost/payment/app/cache/prod/classes.php line 3609 [] []
[2013-04-16 08:48:45] request.ERROR: Uncaught PHP Exception Symfony\Component\HttpKernel\Exception\NotFoundHttpException: "No route found for "GET /paymentapplication/images/ic4.jpg"" at /home/fabian/localhost/payment/app/cache/prod/classes.php line 3609 [] []
[2013-04-16 08:50:30] request.ERROR: Uncaught PHP Exception Symfony\Component\HttpKernel\Exception\NotFoundHttpException: "No route found for "GET /paymentapplication/images/ic4.jpg"" at /home/fabian/localhost/payment/app/cache/prod/classes.php line 3609 [] []
[2013-04-16 08:50:57] request.ERROR: Uncaught PHP Exception Symfony\Component\HttpKernel\Exception\NotFoundHttpException: "No route found for "GET /paymentapplication/images/ic4.jpg"" at /home/fabian/localhost/payment/app/cache/prod/classes.php line 3609 [] []
[2013-04-16 08:50:59] request.ERROR: Uncaught PHP Exception Symfony\Component\HttpKernel\Exception\NotFoundHttpException: "No route found for "GET /paymentapplication/images/ic4.jpg"" at /home/fabian/localhost/payment/app/cache/prod/classes.php line 3609 [] []
[2013-04-16 08:51:00] request.ERROR: Uncaught PHP Exception Symfony\Component\HttpKernel\Exception\NotFoundHttpException: "No route found for "GET /paymentapplication/images/ic4.jpg"" at /home/fabian/localhost/payment/app/cache/prod/classes.php line 3609 [] []
[2013-04-16 08:54:46] request.ERROR: Uncaught PHP Exception Symfony\Component\HttpKernel\Exception\NotFoundHttpException: "No route found for "GET /paymentapplication/images/ic4.jpg"" at /home/fabian/localhost/payment/app/cache/prod/classes.php line 3609 [] []
[2013-04-16 08:54:49] request.ERROR: Uncaught PHP Exception Symfony\Component\HttpKernel\Exception\NotFoundHttpException: "No route found for "GET /paymentapplication/images/ic4.jpg"" at /home/fabian/localhost/payment/app/cache/prod/classes.php line 3609 [] []
[2013-04-16 08:54:50] request.ERROR: Uncaught PHP Exception Symfony\Component\HttpKernel\Exception\NotFoundHttpException: "No route found for "GET /paymentapplication/images/ic4.jpg"" at /home/fabian/localhost/payment/app/cache/prod/classes.php line 3609 [] []
[2013-04-16 08:54:59] request.ERROR: Uncaught PHP Exception Symfony\Component\HttpKernel\Exception\NotFoundHttpException: "No route found for "GET /paymentapplication/images/ic4.jpg"" at /home/fabian/localhost/payment/app/cache/prod/classes.php line 3609 [] []
[2013-04-16 08:55:26] request.ERROR: Uncaught PHP Exception Symfony\Component\HttpKernel\Exception\NotFoundHttpException: "No route found for "GET /paymentapplication/images/ic4.jpg"" at /home/fabian/localhost/payment/app/cache/prod/classes.php line 3609 [] []
[2013-04-16 08:55:41] request.ERROR: Uncaught PHP Exception Symfony\Component\HttpKernel\Exception\NotFoundHttpException: "No route found for "GET /paymentapplication/images/ic4.jpg"" at /home/fabian/localhost/payment/app/cache/prod/classes.php line 3609 [] []
[2013-04-16 16:52:00] request.ERROR: Uncaught PHP Exception Symfony\Component\HttpKernel\Exception\NotFoundHttpException: "No route found for "GET /"" at D:\xampp\htdocs\payment\vendor\symfony\symfony\src\Symfony\Component\HttpKernel\EventListener\RouterListener.php line 94 [] []
[2013-04-16 16:52:26] request.ERROR: Uncaught PHP Exception Symfony\Component\HttpKernel\Exception\NotFoundHttpException: "No route found for "GET /acme"" at D:\xampp\htdocs\payment\vendor\symfony\symfony\src\Symfony\Component\HttpKernel\EventListener\RouterListener.php line 94 [] []
[2013-04-16 19:03:18] request.ERROR: Uncaught PHP Exception Symfony\Component\HttpKernel\Exception\NotFoundHttpException: "No route found for "GET /paymentapplication/images/ic4.jpg"" at D:\xampp\htdocs\payment\app\cache\prod\classes.php line 3609 [] []
[2013-04-16 19:03:22] request.ERROR: Uncaught PHP Exception Symfony\Component\HttpKernel\Exception\NotFoundHttpException: "No route found for "GET /paymentapplication/images/ic4.jpg"" at D:\xampp\htdocs\payment\app\cache\prod\classes.php line 3609 [] []
[2013-04-16 19:03:24] request.ERROR: Uncaught PHP Exception Symfony\Component\HttpKernel\Exception\NotFoundHttpException: "No route found for "GET /paymentapplication/images/ic4.jpg"" at D:\xampp\htdocs\payment\app\cache\prod\classes.php line 3609 [] []
[2013-04-16 19:03:36] request.ERROR: Uncaught PHP Exception Symfony\Component\HttpKernel\Exception\NotFoundHttpException: "No route found for "GET /gestion-usuarios/listado"" at D:\xampp\htdocs\payment\app\cache\prod\classes.php line 3609 [] []
[2013-04-16 19:04:05] request.ERROR: Uncaught PHP Exception Symfony\Component\HttpKernel\Exception\NotFoundHttpException: "No route found for "GET /paymentapplication/images/ic4.jpg"" at D:\xampp\htdocs\payment\app\cache\prod\classes.php line 3609 [] []
[2013-04-16 19:04:57] request.ERROR: Uncaught PHP Exception Symfony\Component\HttpKernel\Exception\NotFoundHttpException: "No route found for "GET /paymentapplication/images/ic4.jpg"" at D:\xampp\htdocs\payment\app\cache\prod\classes.php line 3609 [] []
[2013-04-16 19:05:40] request.ERROR: Uncaught PHP Exception Symfony\Component\HttpKernel\Exception\NotFoundHttpException: "No route found for "GET /paymentapplication/images/ic4.jpg"" at D:\xampp\htdocs\payment\app\cache\prod\classes.php line 3609 [] []
[2013-04-16 19:05:48] request.ERROR: Uncaught PHP Exception Symfony\Component\HttpKernel\Exception\NotFoundHttpException: "No route found for "GET /paymentapplication/images/ic4.jpg"" at D:\xampp\htdocs\payment\app\cache\prod\classes.php line 3609 [] []
[2013-04-16 19:05:51] request.ERROR: Uncaught PHP Exception Symfony\Component\HttpKernel\Exception\NotFoundHttpException: "No route found for "GET /paymentapplication/images/ic4.jpg"" at D:\xampp\htdocs\payment\app\cache\prod\classes.php line 3609 [] []
[2013-04-16 19:05:58] request.ERROR: Uncaught PHP Exception Symfony\Component\HttpKernel\Exception\NotFoundHttpException: "No route found for "GET /paymentapplication/images/ic4.jpg"" at D:\xampp\htdocs\payment\app\cache\prod\classes.php line 3609 [] []
[2013-04-17 08:54:18] request.ERROR: Uncaught PHP Exception Symfony\Component\HttpKernel\Exception\NotFoundHttpException: "No route found for "GET /paymentapplication/images/ic4.jpg"" at /home/fabian/localhost/payment/app/cache/prod/classes.php line 3609 [] []
[2013-04-17 23:04:06] request.ERROR: Uncaught PHP Exception Symfony\Component\HttpKernel\Exception\NotFoundHttpException: "No route found for "GET /bundles/paymentfines/js/finestype.js"" at /home/fabian/localhost/payment/vendor/symfony/symfony/src/Symfony/Component/HttpKernel/EventListener/RouterListener.php line 94 [] []
[2013-04-17 23:04:06] request.ERROR: Uncaught PHP Exception Symfony\Component\HttpKernel\Exception\NotFoundHttpException: "No route found for "GET /paymentapplication/images/ic4.jpg"" at /home/fabian/localhost/payment/app/cache/prod/classes.php line 3609 [] []
[2013-04-17 23:05:21] request.ERROR: Uncaught PHP Exception Symfony\Component\HttpKernel\Exception\NotFoundHttpException: "No route found for "GET /bundles/paymentfines/js/finestype.js"" at /home/fabian/localhost/payment/app/cache/prod/classes.php line 3609 [] []
[2013-04-17 23:05:21] request.ERROR: Uncaught PHP Exception Symfony\Component\HttpKernel\Exception\NotFoundHttpException: "No route found for "GET /paymentapplication/images/ic4.jpg"" at /home/fabian/localhost/payment/app/cache/prod/classes.php line 3609 [] []
[2013-04-17 23:05:26] request.ERROR: Uncaught PHP Exception Symfony\Component\HttpKernel\Exception\NotFoundHttpException: "No route found for "GET /bundles/paymentfines/js/finestype.js"" at /home/fabian/localhost/payment/app/cache/prod/classes.php line 3609 [] []
[2013-04-17 23:05:26] request.ERROR: Uncaught PHP Exception Symfony\Component\HttpKernel\Exception\NotFoundHttpException: "No route found for "GET /paymentapplication/images/ic4.jpg"" at /home/fabian/localhost/payment/app/cache/prod/classes.php line 3609 [] []
[2013-04-17 23:05:45] request.ERROR: Uncaught PHP Exception Symfony\Component\HttpKernel\Exception\NotFoundHttpException: "No route found for "GET /bundles/paymentfines/js/finestype.js"" at /home/fabian/localhost/payment/app/cache/prod/classes.php line 3609 [] []
[2013-04-17 23:05:45] request.ERROR: Uncaught PHP Exception Symfony\Component\HttpKernel\Exception\NotFoundHttpException: "No route found for "GET /paymentapplication/images/ic4.jpg"" at /home/fabian/localhost/payment/app/cache/prod/classes.php line 3609 [] []
[2013-04-17 23:05:51] request.ERROR: Uncaught PHP Exception Symfony\Component\HttpKernel\Exception\NotFoundHttpException: "No route found for "GET /bundles/paymentfines/js/finestype.js"" at /home/fabian/localhost/payment/app/cache/prod/classes.php line 3609 [] []
[2013-04-17 23:05:51] request.ERROR: Uncaught PHP Exception Symfony\Component\HttpKernel\Exception\NotFoundHttpException: "No route found for "GET /paymentapplication/images/ic4.jpg"" at /home/fabian/localhost/payment/app/cache/prod/classes.php line 3609 [] []
[2013-04-17 23:05:56] request.ERROR: Uncaught PHP Exception Symfony\Component\HttpKernel\Exception\NotFoundHttpException: "No route found for "GET /bundles/paymentfines/js/finestype.js"" at /home/fabian/localhost/payment/app/cache/prod/classes.php line 3609 [] []
[2013-04-17 23:05:57] request.ERROR: Uncaught PHP Exception Symfony\Component\HttpKernel\Exception\NotFoundHttpException: "No route found for "GET /paymentapplication/images/ic4.jpg"" at /home/fabian/localhost/payment/app/cache/prod/classes.php line 3609 [] []
[2013-04-17 23:06:30] request.ERROR: Uncaught PHP Exception Symfony\Component\HttpKernel\Exception\NotFoundHttpException: "No route found for "GET /bundles/paymentfines/js/finestype.js"" at /home/fabian/localhost/payment/app/cache/prod/classes.php line 3609 [] []
[2013-04-17 23:06:30] request.ERROR: Uncaught PHP Exception Symfony\Component\HttpKernel\Exception\NotFoundHttpException: "No route found for "GET /paymentapplication/images/ic4.jpg"" at /home/fabian/localhost/payment/app/cache/prod/classes.php line 3609 [] []
[2013-04-17 23:06:54] request.ERROR: Uncaught PHP Exception Symfony\Component\HttpKernel\Exception\NotFoundHttpException: "No route found for "GET /bundles/paymentfines/js/finestype.js"" at /home/fabian/localhost/payment/app/cache/prod/classes.php line 3609 [] []
[2013-04-17 23:06:54] request.ERROR: Uncaught PHP Exception Symfony\Component\HttpKernel\Exception\NotFoundHttpException: "No route found for "GET /paymentapplication/images/ic4.jpg"" at /home/fabian/localhost/payment/app/cache/prod/classes.php line 3609 [] []
[2013-04-17 23:09:43] request.ERROR: Uncaught PHP Exception Symfony\Component\HttpKernel\Exception\NotFoundHttpException: "No route found for "GET /paymentapplication/images/ic4.jpg"" at /home/fabian/localhost/payment/app/cache/prod/classes.php line 3609 [] []
[2013-04-17 23:09:46] request.ERROR: Uncaught PHP Exception Symfony\Component\HttpKernel\Exception\NotFoundHttpException: "No route found for "GET /paymentapplication/images/ic4.jpg"" at /home/fabian/localhost/payment/app/cache/prod/classes.php line 3609 [] []
[2013-04-17 23:20:25] request.ERROR: Uncaught PHP Exception Symfony\Component\HttpKernel\Exception\NotFoundHttpException: "No route found for "GET /paymentapplication/images/ic4.jpg"" at /home/fabian/localhost/payment/app/cache/prod/classes.php line 3609 [] []
[2013-04-17 23:22:11] request.ERROR: Uncaught PHP Exception Symfony\Component\HttpKernel\Exception\NotFoundHttpException: "No route found for "GET /paymentapplication/images/ic4.jpg"" at /home/fabian/localhost/payment/app/cache/prod/classes.php line 3609 [] []
[2013-04-17 23:22:11] request.ERROR: Uncaught PHP Exception Symfony\Component\HttpKernel\Exception\NotFoundHttpException: "No route found for "GET /paymentapplication/images/ic4.jpg"" at /home/fabian/localhost/payment/app/cache/prod/classes.php line 3609 [] []
[2013-04-17 23:22:17] request.ERROR: Uncaught PHP Exception Symfony\Component\HttpKernel\Exception\NotFoundHttpException: "No route found for "GET /paymentapplication/images/ic4.jpg"" at /home/fabian/localhost/payment/app/cache/prod/classes.php line 3609 [] []
[2013-04-17 23:23:32] request.ERROR: Uncaught PHP Exception Symfony\Component\HttpKernel\Exception\NotFoundHttpException: "No route found for "GET /paymentapplication/images/ic4.jpg"" at /home/fabian/localhost/payment/app/cache/prod/classes.php line 3609 [] []
[2013-04-17 23:23:32] request.ERROR: Uncaught PHP Exception Symfony\Component\HttpKernel\Exception\NotFoundHttpException: "No route found for "GET /paymentapplication/images/ic4.jpg"" at /home/fabian/localhost/payment/app/cache/prod/classes.php line 3609 [] []
[2013-04-17 23:23:37] request.ERROR: Uncaught PHP Exception Symfony\Component\HttpKernel\Exception\NotFoundHttpException: "No route found for "GET /paymentapplication/images/ic4.jpg"" at /home/fabian/localhost/payment/app/cache/prod/classes.php line 3609 [] []
[2013-04-17 23:24:30] request.ERROR: Uncaught PHP Exception Symfony\Component\HttpKernel\Exception\NotFoundHttpException: "No route found for "GET /paymentapplication/images/ic4.jpg"" at /home/fabian/localhost/payment/app/cache/prod/classes.php line 3609 [] []
[2013-04-17 23:24:51] request.ERROR: Uncaught PHP Exception Symfony\Component\HttpKernel\Exception\NotFoundHttpException: "No route found for "GET /paymentapplication/images/ic4.jpg"" at /home/fabian/localhost/payment/app/cache/prod/classes.php line 3609 [] []
[2013-04-17 23:24:55] request.ERROR: Uncaught PHP Exception Symfony\Component\HttpKernel\Exception\NotFoundHttpException: "No route found for "GET /paymentapplication/images/ic4.jpg"" at /home/fabian/localhost/payment/app/cache/prod/classes.php line 3609 [] []
